<?xml version="1.0" encoding="UTF-8"?>
<!-- Generated by org.testng.reporters.JUnitReportReporter -->
<testsuite hostname="RFPIO047Gowtham" name="com.sauce.test.SauceDemo.Rating" tests="1" failures="0" timestamp="11 Jan 2022 07:06:34 GMT" time="14.191" errors="0">
  <testcase name="testscenario1" time="14.191" classname="com.sauce.test.SauceDemo.Rating"/>
</testsuite> <!-- com.sauce.test.SauceDemo.Rating -->
