<?xml version="1.0" encoding="UTF-8"?>
<!-- Generated by org.testng.reporters.JUnitReportReporter -->
<testsuite hostname="GOWTHAM" name="com.sauce.test.GoogleSearch.SearchApplication" tests="1" failures="0" timestamp="4 Sep 2022 14:59:06 GMT" time="12.774" errors="0">
  <testcase name="testScenario1" time="12.774" classname="com.sauce.test.GoogleSearch.SearchApplication"/>
</testsuite> <!-- com.sauce.test.GoogleSearch.SearchApplication -->
