<?xml version="1.0" encoding="UTF-8"?>
<!-- Generated by org.testng.reporters.JUnitReportReporter -->
<testsuite hostname="RFPIO047Gowtham" name="com.sauce.test.GoogleSearch.SauceDemoPlaceOrder" tests="1" failures="0" timestamp="11 Jan 2022 22:29:57 GMT" time="116.091" errors="0">
  <testcase name="testScenario1" time="116.091" classname="com.sauce.test.GoogleSearch.SauceDemoPlaceOrder"/>
</testsuite> <!-- com.sauce.test.GoogleSearch.SauceDemoPlaceOrder -->
