<?xml version="1.0" encoding="UTF-8"?>
<!-- Generated by org.testng.reporters.JUnitReportReporter -->
<testsuite hostname="RFPIO047Gowtham" name="com.amazon.test.AmazonTestSuite.AmazonLogin" tests="1" failures="0" timestamp="26 Nov 2020 17:40:30 GMT" time="28.199" errors="0">
  <testcase name="testScenario1" time="28.199" classname="com.amazon.test.AmazonTestSuite.AmazonLogin"/>
</testsuite> <!-- com.amazon.test.AmazonTestSuite.AmazonLogin -->
