<?xml version="1.0" encoding="UTF-8"?>
<!-- Generated by org.testng.reporters.JUnitReportReporter -->
<testsuite hostname="RFPIO047Gowtham" name="com.amazon.test.AmazonTestSuite.AmazonProductsSearch" tests="1" failures="0" timestamp="26 Nov 2020 19:11:42 GMT" time="29.649" errors="0">
  <testcase name="testScenario1" time="29.649" classname="com.amazon.test.AmazonTestSuite.AmazonProductsSearch"/>
</testsuite> <!-- com.amazon.test.AmazonTestSuite.AmazonProductsSearch -->
